[2023-01-21T15:08:20.029] [WARN] warn - Error 404 - No encontrado [/sdfsdfsdf]
[2023-01-23T14:29:26.548] [WARN] warn - Error 404 - No encontrado [/favicon.ico]
[2023-01-23T14:39:53.607] [WARN] warn - Error 404 - No encontrado [/prueba]
[2023-01-23T14:39:53.610] [WARN] warn - Error 404 - No encontrado [/test2]
[2023-01-23T14:39:53.612] [WARN] warn - Error 404 - No encontrado [/qadsd]
[2023-01-23T15:10:14.190] [WARN] warn - Error 404 - No encontrado [/prueba]
[2023-01-23T15:10:14.194] [WARN] warn - Error 404 - No encontrado [/test2]
[2023-01-23T15:10:14.197] [WARN] warn - Error 404 - No encontrado [/qadsd]
[2023-01-23T15:34:27.169] [WARN] warn - Error 404 - No encontrado [/prueba]
[2023-01-23T15:34:27.173] [WARN] warn - Error 404 - No encontrado [/test2]
[2023-01-23T15:34:27.179] [WARN] warn - Error 404 - No encontrado [/qadsd]
[2023-01-23T15:34:47.014] [WARN] warn - Error 404 - No encontrado [/prueba]
[2023-01-23T15:34:47.017] [WARN] warn - Error 404 - No encontrado [/test2]
[2023-01-23T15:34:47.019] [WARN] warn - Error 404 - No encontrado [/qadsd]
[2023-01-23T15:34:56.206] [WARN] warn - Error 404 - No encontrado [/prueba]
[2023-01-23T15:34:56.208] [WARN] warn - Error 404 - No encontrado [/test2]
[2023-01-23T15:34:56.210] [WARN] warn - Error 404 - No encontrado [/qadsd]
[2023-01-23T15:40:24.775] [WARN] warn - Error 404 - No encontrado [/XD]
[2023-01-23T15:42:22.925] [WARN] warn - Error 404 - No encontrado [/prueba]
[2023-01-23T15:42:22.927] [WARN] warn - Error 404 - No encontrado [/test2]
[2023-01-23T15:42:22.929] [WARN] warn - Error 404 - No encontrado [/qadsd]
[2023-01-23T15:42:22.931] [WARN] warn - Error 404 - No encontrado [/XD]
[2023-01-23T15:42:44.027] [WARN] warn - Error 404 - No encontrado [/prueba]
[2023-01-23T15:42:44.030] [WARN] warn - Error 404 - No encontrado [/test2]
[2023-01-23T15:42:44.033] [WARN] warn - Error 404 - No encontrado [/qadsd]
[2023-01-23T15:42:44.035] [WARN] warn - Error 404 - No encontrado [/XD]
[2023-01-23T15:42:46.521] [WARN] warn - Error 404 - No encontrado [/home]
[2023-01-23T15:42:49.058] [WARN] warn - Error 404 - No encontrado [/prueba]
[2023-01-23T15:42:49.063] [WARN] warn - Error 404 - No encontrado [/test2]
[2023-01-23T15:42:49.068] [WARN] warn - Error 404 - No encontrado [/qadsd]
[2023-01-23T15:42:49.070] [WARN] warn - Error 404 - No encontrado [/XD]
[2023-01-23T16:40:28.091] [WARN] warn - Error 404 - No encontrado [/favicon.ico]
[2023-01-23T16:40:31.459] [WARN] warn - Error 404 - No encontrado [/prueba]
[2023-01-23T16:40:31.462] [WARN] warn - Error 404 - No encontrado [/qadsd]
[2023-01-23T16:40:31.464] [WARN] warn - Error 404 - No encontrado [/test2]
[2023-01-23T16:40:31.467] [WARN] warn - Error 404 - No encontrado [/XD]
[2023-01-23T16:40:44.265] [WARN] warn - Error 404 - No encontrado [/prueba]
[2023-01-23T16:40:44.268] [WARN] warn - Error 404 - No encontrado [/qadsd]
[2023-01-23T16:40:44.272] [WARN] warn - Error 404 - No encontrado [/test2]
[2023-01-23T16:40:44.275] [WARN] warn - Error 404 - No encontrado [/XD]
